2022-03-03 06:39:23,334 :INFO : test_formSubmission :Entering name
2022-03-03 06:39:23,373 :INFO : test_formSubmission :entering email
2022-03-03 06:39:28,347 :INFO : test_formSubmission :Entering name
2022-03-03 06:39:28,347 :INFO : test_formSubmission :Entering name
2022-03-03 06:39:28,395 :INFO : test_formSubmission :entering email
2022-03-03 06:39:28,395 :INFO : test_formSubmission :entering email
2022-03-03 06:53:19,111 :INFO : test_formSubmission :Entering name
2022-03-03 06:53:19,154 :INFO : test_formSubmission :entering email
2022-03-03 06:53:24,699 :INFO : test_formSubmission :Entering name
2022-03-03 06:53:24,699 :INFO : test_formSubmission :Entering name
2022-03-03 06:53:24,740 :INFO : test_formSubmission :entering email
2022-03-03 06:53:24,740 :INFO : test_formSubmission :entering email
2022-03-03 08:36:12,660 :INFO : test_formSubmission :Entering name
2022-03-03 08:36:12,699 :INFO : test_formSubmission :entering email
2022-03-03 08:36:17,862 :INFO : test_formSubmission :Entering name
2022-03-03 08:36:17,862 :INFO : test_formSubmission :Entering name
2022-03-03 08:36:17,905 :INFO : test_formSubmission :entering email
2022-03-03 08:36:17,905 :INFO : test_formSubmission :entering email
2022-03-03 08:45:39,904 :INFO : test_formSubmission :Entering name
2022-03-03 08:45:39,944 :INFO : test_formSubmission :entering email
2022-03-03 08:45:44,876 :INFO : test_formSubmission :Entering name
2022-03-03 08:45:44,876 :INFO : test_formSubmission :Entering name
2022-03-03 08:45:44,914 :INFO : test_formSubmission :entering email
2022-03-03 08:45:44,914 :INFO : test_formSubmission :entering email
2022-03-03 08:46:22,751 :INFO : test_formSubmission :Entering name
2022-03-03 08:46:22,790 :INFO : test_formSubmission :entering email
2022-03-03 08:46:28,350 :INFO : test_formSubmission :Entering name
2022-03-03 08:46:28,350 :INFO : test_formSubmission :Entering name
2022-03-03 08:46:28,389 :INFO : test_formSubmission :entering email
2022-03-03 08:46:28,389 :INFO : test_formSubmission :entering email
2022-03-03 08:54:09,064 :INFO : test_formSubmission :Entering name
2022-03-03 08:54:09,102 :INFO : test_formSubmission :entering email
2022-03-03 08:54:14,787 :INFO : test_formSubmission :Entering name
2022-03-03 08:54:14,787 :INFO : test_formSubmission :Entering name
2022-03-03 08:54:14,826 :INFO : test_formSubmission :entering email
2022-03-03 08:54:14,826 :INFO : test_formSubmission :entering email
2022-03-03 09:04:58,683 :INFO : test_formSubmission :Entering name
2022-03-03 09:04:58,722 :INFO : test_formSubmission :entering email
2022-03-03 09:05:04,629 :INFO : test_formSubmission :Entering name
2022-03-03 09:05:04,629 :INFO : test_formSubmission :Entering name
2022-03-03 09:05:04,670 :INFO : test_formSubmission :entering email
2022-03-03 09:05:04,670 :INFO : test_formSubmission :entering email
2022-03-03 09:05:46,833 :INFO : test_formSubmission :Entering name
2022-03-03 09:05:46,871 :INFO : test_formSubmission :entering email
2022-03-03 09:05:52,159 :INFO : test_formSubmission :Entering name
2022-03-03 09:05:52,159 :INFO : test_formSubmission :Entering name
2022-03-03 09:05:52,198 :INFO : test_formSubmission :entering email
2022-03-03 09:05:52,198 :INFO : test_formSubmission :entering email
2022-03-03 09:14:06,996 :INFO : test_formSubmission :Entering name
2022-03-03 09:14:07,035 :INFO : test_formSubmission :entering email
2022-03-03 09:14:12,689 :INFO : test_formSubmission :Entering name
2022-03-03 09:14:12,689 :INFO : test_formSubmission :Entering name
2022-03-03 09:14:12,730 :INFO : test_formSubmission :entering email
2022-03-03 09:14:12,730 :INFO : test_formSubmission :entering email
2022-03-03 09:15:44,253 :INFO : test_formSubmission :Entering name
2022-03-03 09:15:44,292 :INFO : test_formSubmission :entering email
2022-03-03 09:15:49,461 :INFO : test_formSubmission :Entering name
2022-03-03 09:15:49,461 :INFO : test_formSubmission :Entering name
2022-03-03 09:15:49,499 :INFO : test_formSubmission :entering email
2022-03-03 09:15:49,499 :INFO : test_formSubmission :entering email
2022-03-03 09:17:04,222 :INFO : test_formSubmission :Entering name
2022-03-03 09:17:04,261 :INFO : test_formSubmission :entering email
2022-03-03 09:17:09,508 :INFO : test_formSubmission :Entering name
2022-03-03 09:17:09,508 :INFO : test_formSubmission :Entering name
2022-03-03 09:17:09,547 :INFO : test_formSubmission :entering email
2022-03-03 09:17:09,547 :INFO : test_formSubmission :entering email
2022-03-03 09:19:24,443 :INFO : test_formSubmission :Entering name
2022-03-03 09:19:24,483 :INFO : test_formSubmission :entering email
2022-03-03 09:19:30,214 :INFO : test_formSubmission :Entering name
2022-03-03 09:19:30,214 :INFO : test_formSubmission :Entering name
2022-03-03 09:19:30,254 :INFO : test_formSubmission :entering email
2022-03-03 09:19:30,254 :INFO : test_formSubmission :entering email
2022-03-03 09:20:56,774 :INFO : test_formSubmission :Entering name
2022-03-03 09:20:56,813 :INFO : test_formSubmission :entering email
2022-03-03 09:21:01,863 :INFO : test_formSubmission :Entering name
2022-03-03 09:21:01,863 :INFO : test_formSubmission :Entering name
2022-03-03 09:21:01,902 :INFO : test_formSubmission :entering email
2022-03-03 09:21:01,902 :INFO : test_formSubmission :entering email
2022-03-03 09:21:59,030 :INFO : test_formSubmission :Entering name
2022-03-03 09:21:59,068 :INFO : test_formSubmission :entering email
2022-03-03 09:22:04,520 :INFO : test_formSubmission :Entering name
2022-03-03 09:22:04,520 :INFO : test_formSubmission :Entering name
2022-03-03 09:22:04,559 :INFO : test_formSubmission :entering email
2022-03-03 09:22:04,559 :INFO : test_formSubmission :entering email
2022-03-03 09:24:22,286 :INFO : test_formSubmission :Entering name
2022-03-03 09:24:22,324 :INFO : test_formSubmission :entering email
2022-03-03 09:24:28,707 :INFO : test_formSubmission :Entering name
2022-03-03 09:24:28,707 :INFO : test_formSubmission :Entering name
2022-03-03 09:24:28,746 :INFO : test_formSubmission :entering email
2022-03-03 09:24:28,746 :INFO : test_formSubmission :entering email
2022-03-03 09:29:05,070 :INFO : test_formSubmission :Entering name
2022-03-03 09:29:05,109 :INFO : test_formSubmission :entering email
2022-03-03 09:29:10,571 :INFO : test_formSubmission :Entering name
2022-03-03 09:29:10,571 :INFO : test_formSubmission :Entering name
2022-03-03 09:29:10,610 :INFO : test_formSubmission :entering email
2022-03-03 09:29:10,610 :INFO : test_formSubmission :entering email
2022-03-03 14:46:00,977 :INFO : test_formSubmission :Entering name
2022-03-03 14:46:01,031 :INFO : test_formSubmission :entering email
2022-03-03 14:46:06,968 :INFO : test_formSubmission :Entering name
2022-03-03 14:46:06,968 :INFO : test_formSubmission :Entering name
2022-03-03 14:46:07,007 :INFO : test_formSubmission :entering email
2022-03-03 14:46:07,007 :INFO : test_formSubmission :entering email
2022-03-03 14:48:27,674 :INFO : test_formSubmission :Entering name
2022-03-03 14:48:27,712 :INFO : test_formSubmission :entering email
2022-03-03 14:48:33,514 :INFO : test_formSubmission :Entering name
2022-03-03 14:48:33,514 :INFO : test_formSubmission :Entering name
2022-03-03 14:48:33,554 :INFO : test_formSubmission :entering email
2022-03-03 14:48:33,554 :INFO : test_formSubmission :entering email
2022-03-03 15:00:29,474 :INFO : test_formSubmission :Entering name
2022-03-03 15:00:29,512 :INFO : test_formSubmission :entering email
2022-03-03 15:00:36,808 :INFO : test_formSubmission :Entering name
2022-03-03 15:00:36,808 :INFO : test_formSubmission :Entering name
2022-03-03 15:00:36,847 :INFO : test_formSubmission :entering email
2022-03-03 15:00:36,847 :INFO : test_formSubmission :entering email
2022-03-03 15:05:35,844 :INFO : test_formSubmission :Entering name
2022-03-03 15:05:35,883 :INFO : test_formSubmission :entering email
2022-03-03 15:05:41,523 :INFO : test_formSubmission :Entering name
2022-03-03 15:05:41,523 :INFO : test_formSubmission :Entering name
2022-03-03 15:05:41,561 :INFO : test_formSubmission :entering email
2022-03-03 15:05:41,561 :INFO : test_formSubmission :entering email
2022-03-03 15:25:09,794 :INFO : test_formSubmission :Entering name
2022-03-03 15:25:09,833 :INFO : test_formSubmission :entering email
2022-03-03 15:25:15,642 :INFO : test_formSubmission :Entering name
2022-03-03 15:25:15,642 :INFO : test_formSubmission :Entering name
2022-03-03 15:25:15,682 :INFO : test_formSubmission :entering email
2022-03-03 15:25:15,682 :INFO : test_formSubmission :entering email
2022-03-04 06:58:33,007 :INFO : test_formSubmission :Entering name
2022-03-04 06:58:33,046 :INFO : test_formSubmission :entering email
2022-03-04 06:58:38,294 :INFO : test_formSubmission :Entering name
2022-03-04 06:58:38,294 :INFO : test_formSubmission :Entering name
2022-03-04 06:58:38,335 :INFO : test_formSubmission :entering email
2022-03-04 06:58:38,335 :INFO : test_formSubmission :entering email
2022-03-04 07:16:12,496 :INFO : test_formSubmission :Entering name
2022-03-04 07:16:12,535 :INFO : test_formSubmission :entering email
2022-03-04 07:16:18,113 :INFO : test_formSubmission :Entering name
2022-03-04 07:16:18,113 :INFO : test_formSubmission :Entering name
2022-03-04 07:16:18,152 :INFO : test_formSubmission :entering email
2022-03-04 07:16:18,152 :INFO : test_formSubmission :entering email
2022-03-04 07:41:45,679 :INFO : test_e2e :getting all the card titles
2022-03-04 07:42:26,827 :INFO : test_e2e :getting all the card titles
2022-03-04 09:52:59,669 :INFO : test_e2e :Text received from application is ×
Success! Thank you! Your order will be delivered in next few weeks :-).
2022-03-04 09:53:30,345 :INFO : test_e2e :Text received from application is ×
Success! Thank you! Your order will be delivered in next few weeks :-).
2022-03-04 11:48:14,458 :INFO : test_formSubmission :Entering name
2022-03-04 11:48:14,496 :INFO : test_formSubmission :entering email
2022-03-04 11:48:21,796 :INFO : test_formSubmission :Entering name
2022-03-04 11:48:21,796 :INFO : test_formSubmission :Entering name
2022-03-04 11:48:21,834 :INFO : test_formSubmission :entering email
2022-03-04 11:48:21,834 :INFO : test_formSubmission :entering email
2022-03-04 11:48:35,162 :INFO : test_e2e :Text received from application is ×
Success! Thank you! Your order will be delivered in next few weeks :-).
2022-03-04 12:22:25,099 :INFO : test_formSubmission :Entering name
2022-03-04 12:22:25,139 :INFO : test_formSubmission :entering email
2022-03-04 12:22:30,806 :INFO : test_formSubmission :Entering name
2022-03-04 12:22:30,806 :INFO : test_formSubmission :Entering name
2022-03-04 12:22:30,847 :INFO : test_formSubmission :entering email
2022-03-04 12:22:30,847 :INFO : test_formSubmission :entering email
2022-03-04 12:22:43,631 :INFO : test_e2e :Text received from application is ×
Success! Thank you! Your order will be delivered in next few weeks :-).
2022-03-07 08:38:42,946 :INFO : test_e2e :Text received from application is ×
Success! Thank you! Your order will be delivered in next few weeks :-).
2022-03-07 13:11:19,581 :INFO : test_formSubmission :Entering name
2022-03-07 13:11:19,621 :INFO : test_formSubmission :entering email
2022-03-07 13:11:26,083 :INFO : test_formSubmission :Entering name
2022-03-07 13:11:26,083 :INFO : test_formSubmission :Entering name
2022-03-07 13:11:26,122 :INFO : test_formSubmission :entering email
2022-03-07 13:11:26,122 :INFO : test_formSubmission :entering email
2022-03-07 13:11:39,085 :INFO : test_e2e :Text received from application is ×
Success! Thank you! Your order will be delivered in next few weeks :-).
2022-03-07 13:12:41,477 :INFO : test_formSubmission :Entering name
2022-03-07 13:12:41,517 :INFO : test_formSubmission :entering email
2022-03-07 13:12:47,482 :INFO : test_formSubmission :Entering name
2022-03-07 13:12:47,482 :INFO : test_formSubmission :Entering name
2022-03-07 13:12:47,522 :INFO : test_formSubmission :entering email
2022-03-07 13:12:47,522 :INFO : test_formSubmission :entering email
2022-03-07 13:12:59,801 :INFO : test_e2e :Text received from application is ×
Success! Thank you! Your order will be delivered in next few weeks :-).
2022-03-07 13:14:43,245 :INFO : test_formSubmission :Entering name
2022-03-07 13:14:43,283 :INFO : test_formSubmission :entering email
2022-03-07 13:14:48,828 :INFO : test_formSubmission :Entering name
2022-03-07 13:14:48,828 :INFO : test_formSubmission :Entering name
2022-03-07 13:14:48,868 :INFO : test_formSubmission :entering email
2022-03-07 13:14:48,868 :INFO : test_formSubmission :entering email
2022-03-07 13:15:01,064 :INFO : test_e2e :Text received from application is ×
Success! Thank you! Your order will be delivered in next few weeks :-).
2022-03-07 13:18:42,450 :INFO : test_formSubmission :Entering name
2022-03-07 13:18:42,489 :INFO : test_formSubmission :entering email
2022-03-07 13:18:48,322 :INFO : test_formSubmission :Entering name
2022-03-07 13:18:48,322 :INFO : test_formSubmission :Entering name
2022-03-07 13:18:48,361 :INFO : test_formSubmission :entering email
2022-03-07 13:18:48,361 :INFO : test_formSubmission :entering email
2022-03-07 13:19:01,036 :INFO : test_e2e :Text received from application is ×
Success! Thank you! Your order will be delivered in next few weeks :-).
2022-03-07 13:19:53,506 :INFO : test_formSubmission :Entering name
2022-03-07 13:19:53,546 :INFO : test_formSubmission :entering email
2022-03-07 13:19:59,997 :INFO : test_formSubmission :Entering name
2022-03-07 13:19:59,997 :INFO : test_formSubmission :Entering name
2022-03-07 13:20:00,036 :INFO : test_formSubmission :entering email
2022-03-07 13:20:00,036 :INFO : test_formSubmission :entering email
2022-03-07 13:20:12,267 :INFO : test_e2e :Text received from application is ×
Success! Thank you! Your order will be delivered in next few weeks :-).
2022-03-07 13:21:02,825 :INFO : test_formSubmission :Entering name
2022-03-07 13:21:02,864 :INFO : test_formSubmission :entering email
2022-03-07 13:21:08,404 :INFO : test_formSubmission :Entering name
2022-03-07 13:21:08,404 :INFO : test_formSubmission :Entering name
2022-03-07 13:21:08,444 :INFO : test_formSubmission :entering email
2022-03-07 13:21:08,444 :INFO : test_formSubmission :entering email
2022-03-07 13:21:20,817 :INFO : test_e2e :Text received from application is ×
Success! Thank you! Your order will be delivered in next few weeks :-).
2022-03-07 13:22:04,375 :INFO : test_formSubmission :Entering name
2022-03-07 13:22:04,414 :INFO : test_formSubmission :entering email
2022-03-07 13:22:09,877 :INFO : test_formSubmission :Entering name
2022-03-07 13:22:09,877 :INFO : test_formSubmission :Entering name
2022-03-07 13:22:09,916 :INFO : test_formSubmission :entering email
2022-03-07 13:22:09,916 :INFO : test_formSubmission :entering email
2022-03-07 13:22:22,281 :INFO : test_e2e :Text received from application is ×
Success! Thank you! Your order will be delivered in next few weeks :-).
2022-03-07 13:22:41,948 :INFO : test_formSubmission :Entering name
2022-03-07 13:22:41,986 :INFO : test_formSubmission :entering email
2022-03-07 13:22:47,754 :INFO : test_formSubmission :Entering name
2022-03-07 13:22:47,754 :INFO : test_formSubmission :Entering name
2022-03-07 13:22:47,795 :INFO : test_formSubmission :entering email
2022-03-07 13:22:47,795 :INFO : test_formSubmission :entering email
2022-03-07 13:22:59,770 :INFO : test_e2e :Text received from application is ×
Success! Thank you! Your order will be delivered in next few weeks :-).
2022-03-11 16:36:00,703 :INFO : test_e2e :Text received from application is ×
Success! Thank you! Your order will be delivered in next few weeks :-).
2022-03-14 07:13:06,979 :INFO : test_e2e :Text received from application is ×
Success! Thank you! Your order will be delivered in next few weeks :-).
2022-03-14 11:27:57,135 :INFO : test_e2e :Text received from application is ×
Success! Thank you! Your order will be delivered in next few weeks :-).
2022-03-14 11:52:48,554 :INFO : test_e2e :Text received from application is ×
Success! Thank you! Your order will be delivered in next few weeks :-).
2022-03-14 12:11:18,036 :INFO : test_formSubmission :Entering name
2022-03-14 12:11:18,147 :INFO : test_formSubmission :entering email
2022-03-14 12:11:26,535 :INFO : test_formSubmission :Entering name
2022-03-14 12:11:26,535 :INFO : test_formSubmission :Entering name
2022-03-14 12:11:26,646 :INFO : test_formSubmission :entering email
2022-03-14 12:11:26,646 :INFO : test_formSubmission :entering email
2022-03-14 12:14:01,622 :INFO : test_formSubmission :Entering name
2022-03-14 12:14:01,733 :INFO : test_formSubmission :entering email
2022-03-14 12:14:09,832 :INFO : test_formSubmission :Entering name
2022-03-14 12:14:09,832 :INFO : test_formSubmission :Entering name
2022-03-14 12:14:09,933 :INFO : test_formSubmission :entering email
2022-03-14 12:14:09,933 :INFO : test_formSubmission :entering email
2022-03-14 12:14:43,862 :INFO : test_formSubmission :Entering name
2022-03-14 12:14:43,970 :INFO : test_formSubmission :entering email
2022-03-14 12:14:52,207 :INFO : test_formSubmission :Entering name
2022-03-14 12:14:52,207 :INFO : test_formSubmission :Entering name
2022-03-14 12:14:52,317 :INFO : test_formSubmission :entering email
2022-03-14 12:14:52,317 :INFO : test_formSubmission :entering email
2022-03-14 12:15:55,964 :INFO : test_formSubmission :Entering name
2022-03-14 12:15:56,071 :INFO : test_formSubmission :entering email
2022-03-14 12:16:04,391 :INFO : test_formSubmission :Entering name
2022-03-14 12:16:04,391 :INFO : test_formSubmission :Entering name
2022-03-14 12:16:04,493 :INFO : test_formSubmission :entering email
2022-03-14 12:16:04,493 :INFO : test_formSubmission :entering email
2022-03-14 12:16:31,289 :INFO : test_formSubmission :Entering name
2022-03-14 12:16:31,402 :INFO : test_formSubmission :entering email
2022-03-14 12:19:08,867 :INFO : test_formSubmission :Entering name
2022-03-14 12:19:08,970 :INFO : test_formSubmission :entering email
2022-03-14 12:19:16,056 :INFO : test_formSubmission :Entering name
2022-03-14 12:19:16,056 :INFO : test_formSubmission :Entering name
2022-03-14 12:19:16,165 :INFO : test_formSubmission :entering email
2022-03-14 12:19:16,165 :INFO : test_formSubmission :entering email
2022-03-14 12:43:16,971 :INFO : test_formSubmission :Entering name
2022-03-14 12:43:17,076 :INFO : test_formSubmission :entering email
2022-03-14 12:43:23,873 :INFO : test_formSubmission :Entering name
2022-03-14 12:43:23,873 :INFO : test_formSubmission :Entering name
2022-03-14 12:43:23,986 :INFO : test_formSubmission :entering email
2022-03-14 12:43:23,986 :INFO : test_formSubmission :entering email
2022-03-14 12:43:35,071 :INFO : test_formSubmission :Entering name
2022-03-14 12:43:35,175 :INFO : test_formSubmission :entering email
2022-03-14 12:43:42,095 :INFO : test_formSubmission :Entering name
2022-03-14 12:43:42,095 :INFO : test_formSubmission :Entering name
2022-03-14 12:43:42,205 :INFO : test_formSubmission :entering email
2022-03-14 12:43:42,205 :INFO : test_formSubmission :entering email
2022-03-14 12:45:22,769 :INFO : test_formSubmission :Entering name
2022-03-14 12:45:22,877 :INFO : test_formSubmission :entering email
2022-03-14 12:45:30,125 :INFO : test_formSubmission :Entering name
2022-03-14 12:45:30,125 :INFO : test_formSubmission :Entering name
2022-03-14 12:45:30,238 :INFO : test_formSubmission :entering email
2022-03-14 12:45:30,238 :INFO : test_formSubmission :entering email
2022-03-14 12:46:50,768 :INFO : test_formSubmission :Entering name
2022-03-14 12:46:50,877 :INFO : test_formSubmission :entering email
2022-03-14 12:46:58,576 :INFO : test_formSubmission :Entering name
2022-03-14 12:46:58,576 :INFO : test_formSubmission :Entering name
2022-03-14 12:46:58,675 :INFO : test_formSubmission :entering email
2022-03-14 12:46:58,675 :INFO : test_formSubmission :entering email
2022-03-14 12:47:22,502 :INFO : test_formSubmission :Entering name
2022-03-14 12:47:22,611 :INFO : test_formSubmission :entering email
2022-03-14 12:47:29,937 :INFO : test_formSubmission :Entering name
2022-03-14 12:47:29,937 :INFO : test_formSubmission :Entering name
2022-03-14 12:47:30,023 :INFO : test_formSubmission :entering email
2022-03-14 12:47:30,023 :INFO : test_formSubmission :entering email
2022-03-14 12:50:38,763 :INFO : test_formSubmission :Entering name
2022-03-14 12:50:38,866 :INFO : test_formSubmission :entering email
2022-03-14 12:50:45,926 :INFO : test_formSubmission :Entering name
2022-03-14 12:50:45,926 :INFO : test_formSubmission :Entering name
2022-03-14 12:50:46,025 :INFO : test_formSubmission :entering email
2022-03-14 12:50:46,025 :INFO : test_formSubmission :entering email
2022-03-14 12:51:52,061 :INFO : test_formSubmission :Entering name
2022-03-14 12:51:52,167 :INFO : test_formSubmission :entering email
2022-03-14 12:53:38,698 :INFO : test_formSubmission :Entering name
2022-03-14 12:54:45,917 :INFO : test_formSubmission :Entering name
2022-03-14 12:57:17,988 :INFO : test_formSubmission :Entering name
2022-03-14 12:57:18,070 :INFO : test_formSubmission :entering email
2022-03-14 12:57:25,214 :INFO : test_formSubmission :Entering name
2022-03-14 12:57:25,214 :INFO : test_formSubmission :Entering name
2022-03-14 12:57:25,294 :INFO : test_formSubmission :entering email
2022-03-14 12:57:25,294 :INFO : test_formSubmission :entering email
2022-03-14 12:57:58,160 :INFO : test_formSubmission :Entering name
2022-03-14 13:05:03,357 :INFO : test_formSubmission :Entering name
2022-03-14 13:05:07,431 :INFO : test_formSubmission :entering email
2022-03-14 13:06:37,903 :INFO : test_formSubmission :Entering name
2022-03-14 13:06:46,779 :INFO : test_formSubmission :entering email
2022-03-14 13:11:52,676 :INFO : test_formSubmission :Entering name
2022-03-14 13:11:55,803 :INFO : test_formSubmission :entering email
2022-03-14 13:12:28,467 :INFO : test_formSubmission :Entering name
2022-03-14 13:12:28,467 :INFO : test_formSubmission :Entering name
2022-03-14 13:12:33,207 :INFO : test_formSubmission :entering email
2022-03-14 13:12:33,207 :INFO : test_formSubmission :entering email
2022-03-16 11:15:38,592 :INFO : test_formSubmission :Entering name
2022-03-16 11:15:38,679 :INFO : test_formSubmission :entering email
2022-03-16 11:15:43,842 :INFO : test_formSubmission :Entering name
2022-03-16 11:15:43,842 :INFO : test_formSubmission :Entering name
2022-03-16 11:15:43,926 :INFO : test_formSubmission :entering email
2022-03-16 11:15:43,926 :INFO : test_formSubmission :entering email
2022-03-16 11:24:06,480 :INFO : test_formSubmission :Entering name
2022-03-16 11:24:06,563 :INFO : test_formSubmission :entering email
2022-03-16 11:24:12,559 :INFO : test_formSubmission :Entering name
2022-03-16 11:24:12,559 :INFO : test_formSubmission :Entering name
2022-03-16 11:24:12,639 :INFO : test_formSubmission :entering email
2022-03-16 11:24:12,639 :INFO : test_formSubmission :entering email
2022-03-16 11:24:25,514 :INFO : test_formSubmission :Entering name
2022-03-16 11:24:25,628 :INFO : test_formSubmission :entering email
2022-03-16 11:24:30,824 :INFO : test_formSubmission :Entering name
2022-03-16 11:24:30,824 :INFO : test_formSubmission :Entering name
2022-03-16 11:24:30,942 :INFO : test_formSubmission :entering email
2022-03-16 11:24:30,942 :INFO : test_formSubmission :entering email
2022-03-16 11:29:15,221 :INFO : test_formSubmission :Entering name
2022-03-16 11:30:07,217 :INFO : test_formSubmission :Entering name
2022-03-16 11:30:07,353 :INFO : test_formSubmission :entering email
2022-03-16 11:30:15,842 :INFO : test_formSubmission :Entering name
2022-03-16 11:30:15,842 :INFO : test_formSubmission :Entering name
2022-03-16 11:30:15,960 :INFO : test_formSubmission :entering email
2022-03-16 11:30:15,960 :INFO : test_formSubmission :entering email
2022-03-16 11:30:54,505 :INFO : test_formSubmission :Entering name
2022-03-16 11:30:54,557 :INFO : test_formSubmission :entering email
2022-03-16 11:31:29,327 :INFO : test_formSubmission :Entering name
2022-03-16 11:31:29,379 :INFO : test_formSubmission :entering email
2022-03-16 11:31:41,403 :INFO : test_formSubmission :Entering name
2022-03-16 11:31:41,403 :INFO : test_formSubmission :Entering name
2022-03-16 11:31:41,463 :INFO : test_formSubmission :entering email
2022-03-16 11:31:41,463 :INFO : test_formSubmission :entering email
2022-03-16 11:49:28,975 :INFO : test_formSubmission :Entering name
2022-03-16 11:49:29,030 :INFO : test_formSubmission :entering email
2022-03-16 11:49:34,926 :INFO : test_formSubmission :Entering name
2022-03-16 11:49:34,926 :INFO : test_formSubmission :Entering name
2022-03-16 11:49:34,978 :INFO : test_formSubmission :entering email
2022-03-16 11:49:34,978 :INFO : test_formSubmission :entering email
2022-03-16 11:49:53,890 :INFO : test_formSubmission :Entering name
2022-03-16 11:49:56,001 :INFO : test_formSubmission :entering email
2022-03-16 12:02:42,011 :INFO : test_formSubmission :Entering name
2022-03-16 12:02:42,066 :INFO : test_formSubmission :entering email
2022-03-16 12:02:48,060 :INFO : test_formSubmission :Entering name
2022-03-16 12:02:48,060 :INFO : test_formSubmission :Entering name
2022-03-16 12:02:48,111 :INFO : test_formSubmission :entering email
2022-03-16 12:02:48,111 :INFO : test_formSubmission :entering email
2022-03-16 12:03:11,012 :INFO : test_formSubmission :Entering name
2022-03-16 12:03:11,072 :INFO : test_formSubmission :entering email
2022-03-16 12:11:54,934 :INFO : test_formSubmission :Entering name
2022-03-16 12:11:54,993 :INFO : test_formSubmission :entering email
2022-03-16 12:12:00,571 :INFO : test_formSubmission :Entering name
2022-03-16 12:12:00,571 :INFO : test_formSubmission :Entering name
2022-03-16 12:12:00,622 :INFO : test_formSubmission :entering email
2022-03-16 12:12:00,622 :INFO : test_formSubmission :entering email
2022-03-16 12:12:27,821 :INFO : test_formSubmission :Entering name
2022-03-16 12:12:27,877 :INFO : test_formSubmission :entering email
2022-03-16 12:12:33,764 :INFO : test_formSubmission :Entering name
2022-03-16 12:12:33,764 :INFO : test_formSubmission :Entering name
2022-03-16 12:12:33,815 :INFO : test_formSubmission :entering email
2022-03-16 12:12:33,815 :INFO : test_formSubmission :entering email
2022-03-16 12:13:06,422 :INFO : test_formSubmission :Entering name
2022-03-16 12:13:06,485 :INFO : test_formSubmission :entering email
2022-03-16 12:19:13,726 :INFO : test_formSubmission :Entering name
2022-03-16 12:19:13,790 :INFO : test_formSubmission :entering email
2022-03-17 13:03:30,183 :INFO : test_formSubmission :Entering name
2022-03-17 13:03:30,235 :INFO : test_formSubmission :entering email
2022-03-17 13:03:36,474 :INFO : test_formSubmission :Entering name
2022-03-17 13:03:36,474 :INFO : test_formSubmission :Entering name
2022-03-17 13:03:36,522 :INFO : test_formSubmission :entering email
2022-03-17 13:03:36,522 :INFO : test_formSubmission :entering email
2022-03-17 13:04:31,911 :INFO : test_formSubmission :Entering name
2022-03-17 13:04:31,962 :INFO : test_formSubmission :entering email
2022-03-17 13:04:38,861 :INFO : test_formSubmission :Entering name
2022-03-17 13:04:38,861 :INFO : test_formSubmission :Entering name
2022-03-17 13:04:38,909 :INFO : test_formSubmission :entering email
2022-03-17 13:04:38,909 :INFO : test_formSubmission :entering email
2022-03-17 13:06:23,706 :INFO : test_formSubmission :Entering name
2022-03-17 13:06:23,755 :INFO : test_formSubmission :entering email
2022-03-17 13:06:29,890 :INFO : test_formSubmission :Entering name
2022-03-17 13:06:29,890 :INFO : test_formSubmission :Entering name
2022-03-17 13:06:29,937 :INFO : test_formSubmission :entering email
2022-03-17 13:06:29,937 :INFO : test_formSubmission :entering email
2022-03-17 13:11:37,575 :INFO : test_formSubmission :Entering name
2022-03-17 13:11:37,626 :INFO : test_formSubmission :entering email
2022-03-17 13:11:43,898 :INFO : test_formSubmission :Entering name
2022-03-17 13:11:43,898 :INFO : test_formSubmission :Entering name
2022-03-17 13:11:43,947 :INFO : test_formSubmission :entering email
2022-03-17 13:11:43,947 :INFO : test_formSubmission :entering email
2022-03-17 13:16:11,239 :INFO : test_formSubmission :Entering name
2022-03-17 13:16:11,289 :INFO : test_formSubmission :entering email
2022-03-17 13:16:17,304 :INFO : test_formSubmission :Entering name
2022-03-17 13:16:17,304 :INFO : test_formSubmission :Entering name
2022-03-17 13:16:17,352 :INFO : test_formSubmission :entering email
2022-03-17 13:16:17,352 :INFO : test_formSubmission :entering email
2022-03-17 13:31:16,269 :INFO : test_formSubmission :Entering name
2022-03-17 13:31:16,326 :INFO : test_formSubmission :entering email
2022-03-17 13:35:14,556 :INFO : test_formSubmission :Entering name
2022-03-17 13:35:14,615 :INFO : test_formSubmission :entering email
2022-03-17 13:36:17,210 :INFO : test_formSubmission :Entering name
2022-03-17 13:36:17,265 :INFO : test_formSubmission :entering email
2022-03-17 13:36:47,060 :INFO : test_formSubmission :Entering name
2022-03-17 13:36:47,060 :INFO : test_formSubmission :Entering name
2022-03-17 13:36:47,111 :INFO : test_formSubmission :entering email
2022-03-17 13:36:47,111 :INFO : test_formSubmission :entering email
2022-03-17 13:38:30,049 :INFO : test_formSubmission :Entering name
2022-03-17 13:38:30,102 :INFO : test_formSubmission :entering email
2022-03-17 13:38:35,711 :INFO : test_formSubmission :Entering name
2022-03-17 13:38:35,711 :INFO : test_formSubmission :Entering name
2022-03-17 13:38:35,758 :INFO : test_formSubmission :entering email
2022-03-17 13:38:35,758 :INFO : test_formSubmission :entering email
2022-03-21 12:04:44,586 :INFO : test_formSubmission :Entering name
2022-03-21 12:04:44,633 :INFO : test_formSubmission :entering email
2022-03-21 12:04:50,023 :INFO : test_formSubmission :Entering name
2022-03-21 12:04:50,023 :INFO : test_formSubmission :Entering name
2022-03-21 12:04:50,071 :INFO : test_formSubmission :entering email
2022-03-21 12:04:50,071 :INFO : test_formSubmission :entering email
